\BOOKMARK [1][-]{section.1}{Installation}{}% 1
\BOOKMARK [2][-]{subsection.1.1}{Linux, Unix, BSD}{section.1}% 2
\BOOKMARK [2][-]{subsection.1.2}{Mac OS}{section.1}% 3
\BOOKMARK [2][-]{subsection.1.3}{Windows}{section.1}% 4
\BOOKMARK [2][-]{subsection.1.4}{}{section.1}% 5
\BOOKMARK [1][-]{section.2}{A Latex document}{}% 6
\BOOKMARK [1][-]{section.3}{Some things about the header}{}% 7
\BOOKMARK [2][-]{subsection.3.1}{Additional settings}{section.3}% 8
\BOOKMARK [2][-]{subsection.3.2}{Title, subtitle, author, date}{section.3}% 9
\BOOKMARK [2][-]{subsection.3.3}{Loading packages}{section.3}% 10
\BOOKMARK [1][-]{section.4}{Some things about the content}{}% 11
\BOOKMARK [2][-]{subsection.4.1}{Title}{section.4}% 12
\BOOKMARK [2][-]{subsection.4.2}{Structure}{section.4}% 13
\BOOKMARK [2][-]{subsection.4.3}{Rudimentary markup}{section.4}% 14
\BOOKMARK [2][-]{subsection.4.4}{Comments}{section.4}% 15
\BOOKMARK [2][-]{subsection.4.5}{Verbatim}{section.4}% 16
\BOOKMARK [2][-]{subsection.4.6}{Mathematical and logical symbols and equations}{section.4}% 17
\BOOKMARK [1][-]{section.5}{Appendices}{}% 18
\BOOKMARK [2][-]{subsection.5.1}{Common symbols for set theory}{section.5}% 19
\BOOKMARK [2][-]{subsection.5.2}{List}{section.5}% 20
\BOOKMARK [2][-]{subsection.5.3}{Further reading}{section.5}% 21
